


ARM Macro Assembler    Page 1 


    1 00000000                 AREA             |.text|, CODE, READONLY, ALIGN=
2
    2 00000000                 THUMB
    3 00000000                 PRESERVE8
    4 00000000                 EXTERN           currentPt
    5 00000000                 EXPORT           SysTick_Handler
    6 00000000                 EXPORT           osSchedulerLaunch
    7 00000000                 IMPORT           osSchedulerRoundRobin
    8 00000000         
    9 00000000         
   10 00000000         SysTick_Handler                      ;save r0,r1,r2,r3,r
                                                            12,lr,pc,psr      
   11 00000000 B672            CPSID            I
   12 00000002 E92D 0FF0       PUSH             {R4-R11}    ;save r4,r5,r6,r7,r
                                                            8,r9,r10,r11   
   13 00000006 480F            LDR              R0, =currentPt ; r0 points to c
                                                            urrentPt       
   14 00000008 6801            LDR              R1, [R0]    ; r1= currentPt   
   15 0000000A F8C1 D000       STR              SP, [R1]
   16 0000000E         ;LDR     R1, [R1,#4]     ; r1 =currentPt->next   
   17 0000000E         ;STR     R1, [R0]        ;currentPt =r1   
   18 0000000E B501            PUSH             {R0,LR}
   19 00000010 F7FF FFFE       BL               osSchedulerRoundRobin
   20 00000014 E8BD 4001       POP              {R0,LR}
   21 00000018 6801            LDR              R1,[R0]     ;R1= currentPt i.e.
                                                             New thread
   22 0000001A F8D1 D000       LDR              SP, [R1]    ;SP= currentPt->sta
                                                            ckPt   
   23 0000001E E8BD 0FF0       POP              {R4-R11}
   24 00000022 B662            CPSIE            I
   25 00000024 4770            BX               LR
   26 00000026         
   27 00000026         
   28 00000026         osSchedulerLaunch
   29 00000026 4807            LDR              R0, =currentPt
   30 00000028 6802            LDR              R2, [R0]    ; R2 =currentPt    
                                                               
   31 0000002A F8D2 D000       LDR              SP, [R2]    ;SP = currentPt->st
                                                            ackPt    
   32 0000002E E8BD 0FF0       POP              {R4-R11}
   33 00000032 BC0F            POP              {R0-R3}
   34 00000034 F85D CB04       POP              {R12}
   35 00000038 B001            ADD              SP,SP,#4
   36 0000003A F85D EB04       POP              {LR}
   37 0000003E B001            ADD              SP,SP,#4
   38 00000040 B662            CPSIE            I
   39 00000042 4770            BX               LR
   40 00000044         
   41 00000044                 ALIGN
   42 00000044                 END
              00000000 
Command Line: --debug --xref --diag_suppress=9931 --cpu=Cortex-M4.fp --apcs=int
erwork --depend=.\objects\oskernel_1.d -o.\objects\oskernel_1.o -I.\RTE\Device\
STM32F413ZHTx -I.\RTE\_STM32F413ZHx -ID:\Keil_v5\ARM\PACK\ARM\CMSIS\5.5.1\CMSIS
\Core\Include -ID:\Keil_v5\ARM\PACK\Keil\STM32F4xx_DFP\2.13.0\Drivers\CMSIS\Dev
ice\ST\STM32F4xx\Include -ID:\Keil_v5\ARM\PACK\Keil\STM32F4xx_DFP\2.13.0\Driver
s\STM32F4xx_HAL_Driver\Inc --predefine="__EVAL SETA 1" --predefine="__UVISION_V
ERSION SETA 523" --predefine="_RTE_ SETA 1" --predefine="STM32F413xx SETA 1" --
list=.\listings\oskernel.lst osKernel.s



ARM Macro Assembler    Page 1 Alphabetic symbol ordering
Relocatable symbols

.text 00000000

Symbol: .text
   Definitions
      At line 1 in file osKernel.s
   Uses
      None
Comment: .text unused
SysTick_Handler 00000000

Symbol: SysTick_Handler
   Definitions
      At line 10 in file osKernel.s
   Uses
      At line 5 in file osKernel.s
Comment: SysTick_Handler used once
osSchedulerLaunch 00000026

Symbol: osSchedulerLaunch
   Definitions
      At line 28 in file osKernel.s
   Uses
      At line 6 in file osKernel.s
Comment: osSchedulerLaunch used once
3 symbols



ARM Macro Assembler    Page 1 Alphabetic symbol ordering
External symbols

currentPt 00000000

Symbol: currentPt
   Definitions
      At line 4 in file osKernel.s
   Uses
      At line 13 in file osKernel.s
      At line 29 in file osKernel.s

osSchedulerRoundRobin 00000000

Symbol: osSchedulerRoundRobin
   Definitions
      At line 7 in file osKernel.s
   Uses
      At line 19 in file osKernel.s
Comment: osSchedulerRoundRobin used once
2 symbols
342 symbols in table
